1 200 - /
2 200 -- /index.html
3 200 --- /index.html
4 200 --- /installation.html
5 200 ---- /index.html
6 200 ---- /installation.html
7 200 ---- /usage/index.html
8 200 ----- /index.html
9 200 ----- /installation.html
10 200 ----- /usage/index.html
11 200 ----- /usage/quick-start/index.html
12 200 ----- /usage/server-side/index.html
13 200 ----- /usage/server-side/server.html
14 200 ----- /usage/server-side/worker.html
15 200 ----- /usage/client-side/index.html
16 200 ----- /usage/client-side/running-jobs-with-the-cli.html
17 200 ----- /usage/client-side/running-jobs-with-the-api.html
18 200 ----- /building-jobs/index.html
19 200 ----- /building-jobs/scaffolding.html
20 200 ----- /building-jobs/the-job-class.html
21 200 ----- /building-jobs/job-options.html
22 200 ----- /building-jobs/callbacks.html
23 200 ----- /building-jobs/solo-jobs.html
24 200 ----- /building-jobs/storing-arbitrary-data-with-redis.html
25 200 ----- /building-jobs/loading-settings-from-yaml.html
26 200 ----- /building-jobs/running-shell-commands.html
27 200 ----- /building-jobs/loading-additional-code.html
28 200 ----- /logging-notifications-status/index.html
29 200 ----- /logging-notifications-status/logging.html
30 200 ----- /logging-notifications-status/reporting-job-progress.html
31 200 ----- /logging-notifications-status/sending-slack-notifications.html
32 200 ----- /configuration/index.html
33 200 ----- /configuration/jobly-config.html
34 200 ----- /configuration/worker-config.html
35 200 ----- /examples/index.html
36 200 ----- /examples/basic-example.html
37 200 ----- /examples/job-callbacks-example.html
38 200 ----- /examples/docker-compose-example.html
39 200 ----- /examples/job-in-job-example.html
40 200 ----- /examples/namespaces-example.html
41 200 ----- /examples/options-and-errors-example.html
42 200 ----- /examples/slack-notifications-example.html
43 200 ----- /examples/syslog-example.html
44 200 ----- /examples/worker-config-example.html
45 200 ----- /examples/solo-example.html
46 200 ----- /examples/settings-example.html
47 200 ----- /examples/data-store-example.html
48 200 ----- /examples/custom-rack-mount-example.html
49 200 ----- /examples/basic-auth-example.html
50 200 ----- /print.html
51 200 ----- https://github.com/dannyben/jobly
52 200 ----- /usage/index.html
53 200 ----- /usage/quick-start
54 200 ----- /usage/server-side
55 200 ----- /usage/client-side
56 200 ----- /installation.html
57 200 ----- /usage/quick-start/index.html
58 200 ----- /installation.html
59 200 ----- /usage/quick-start/index.html
60 200 ---- /usage/quick-start/index.html
61 200 ---- /usage/server-side/index.html
62 200 ---- /usage/server-side/server.html
63 200 ---- /usage/server-side/worker.html
64 200 ---- /usage/client-side/index.html
65 200 ---- /usage/client-side/running-jobs-with-the-cli.html
66 200 ---- /usage/client-side/running-jobs-with-the-api.html
67 200 ---- /building-jobs/index.html
68 200 ---- /building-jobs/scaffolding.html
69 200 ---- /building-jobs/the-job-class.html
70 200 ---- /building-jobs/job-options.html
71 200 ---- /building-jobs/callbacks.html
72 200 ---- /building-jobs/solo-jobs.html
73 200 ---- /building-jobs/storing-arbitrary-data-with-redis.html
74 200 ---- /building-jobs/loading-settings-from-yaml.html
75 200 ---- /building-jobs/running-shell-commands.html
76 200 ---- /building-jobs/loading-additional-code.html
77 200 ---- /logging-notifications-status/index.html
78 200 ---- /logging-notifications-status/logging.html
79 200 ---- /logging-notifications-status/reporting-job-progress.html
80 200 ---- /logging-notifications-status/sending-slack-notifications.html
81 200 ---- /configuration/index.html
82 200 ---- /configuration/jobly-config.html
83 200 ---- /configuration/worker-config.html
84 200 ---- /examples/index.html
85 200 ---- /examples/basic-example.html
86 200 ---- /examples/job-callbacks-example.html
87 200 ---- /examples/docker-compose-example.html
88 200 ---- /examples/job-in-job-example.html
89 200 ---- /examples/namespaces-example.html
90 200 ---- /examples/options-and-errors-example.html
91 200 ---- /examples/slack-notifications-example.html
92 200 ---- /examples/syslog-example.html
93 200 ---- /examples/worker-config-example.html
94 200 ---- /examples/solo-example.html
95 200 ---- /examples/settings-example.html
96 200 ---- /examples/data-store-example.html
97 200 ---- /examples/custom-rack-mount-example.html
98 200 ---- /examples/basic-auth-example.html
99 200 ---- /print.html
100 200 ---- https://github.com/dannyben/jobly
101 200 ---- /installation.html
102 200 ----- /index.html
103 200 ----- /installation.html
104 200 ----- /usage/index.html
105 200 ----- /usage/quick-start/index.html
106 200 ----- /usage/server-side/index.html
107 200 ----- /usage/server-side/server.html
108 200 ----- /usage/server-side/worker.html
109 200 ----- /usage/client-side/index.html
110 200 ----- /usage/client-side/running-jobs-with-the-cli.html
111 200 ----- /usage/client-side/running-jobs-with-the-api.html
112 200 ----- /building-jobs/index.html
113 200 ----- /building-jobs/scaffolding.html
114 200 ----- /building-jobs/the-job-class.html
115 200 ----- /building-jobs/job-options.html
116 200 ----- /building-jobs/callbacks.html
117 200 ----- /building-jobs/solo-jobs.html
118 200 ----- /building-jobs/storing-arbitrary-data-with-redis.html
119 200 ----- /building-jobs/loading-settings-from-yaml.html
120 200 ----- /building-jobs/running-shell-commands.html
121 200 ----- /building-jobs/loading-additional-code.html
122 200 ----- /logging-notifications-status/index.html
123 200 ----- /logging-notifications-status/logging.html
124 200 ----- /logging-notifications-status/reporting-job-progress.html
125 200 ----- /logging-notifications-status/sending-slack-notifications.html
126 200 ----- /configuration/index.html
127 200 ----- /configuration/jobly-config.html
128 200 ----- /configuration/worker-config.html
129 200 ----- /examples/index.html
130 200 ----- /examples/basic-example.html
131 200 ----- /examples/job-callbacks-example.html
132 200 ----- /examples/docker-compose-example.html
133 200 ----- /examples/job-in-job-example.html
134 200 ----- /examples/namespaces-example.html
135 200 ----- /examples/options-and-errors-example.html
136 200 ----- /examples/slack-notifications-example.html
137 200 ----- /examples/syslog-example.html
138 200 ----- /examples/worker-config-example.html
139 200 ----- /examples/solo-example.html
140 200 ----- /examples/settings-example.html
141 200 ----- /examples/data-store-example.html
142 200 ----- /examples/custom-rack-mount-example.html
143 200 ----- /examples/basic-auth-example.html
144 200 ----- /print.html
145 200 ----- https://github.com/dannyben/jobly
146 200 ----- /installation.html
147 200 ----- https://github.com/dannyben/docker-jobly
148 200 ----- /installation.html
149 200 ----- /index.html
150 200 ----- /usage/index.html
151 200 ----- /index.html
152 200 ----- /usage/index.html
153 200 ---- https://github.com/dannyben/docker-jobly
154 200 ---- /installation.html
155 200 ---- /index.html
156 200 ---- /usage/index.html
157 200 ---- /index.html
158 200 ---- /usage/index.html
159 200 --- /usage/index.html
160 200 --- /usage/quick-start/index.html
161 200 --- /usage/server-side/index.html
162 200 --- /usage/server-side/server.html
163 200 --- /usage/server-side/worker.html
164 200 --- /usage/client-side/index.html
165 200 --- /usage/client-side/running-jobs-with-the-cli.html
166 200 --- /usage/client-side/running-jobs-with-the-api.html
167 200 --- /building-jobs/index.html
168 200 --- /building-jobs/scaffolding.html
169 200 --- /building-jobs/the-job-class.html
170 200 --- /building-jobs/job-options.html
171 200 --- /building-jobs/callbacks.html
172 200 --- /building-jobs/solo-jobs.html
173 200 --- /building-jobs/storing-arbitrary-data-with-redis.html
174 200 --- /building-jobs/loading-settings-from-yaml.html
175 200 --- /building-jobs/running-shell-commands.html
176 200 --- /building-jobs/loading-additional-code.html
177 200 --- /logging-notifications-status/index.html
178 200 --- /logging-notifications-status/logging.html
179 200 --- /logging-notifications-status/reporting-job-progress.html
180 200 --- /logging-notifications-status/sending-slack-notifications.html
181 200 --- /configuration/index.html
182 200 --- /configuration/jobly-config.html
183 200 --- /configuration/worker-config.html
184 200 --- /examples/index.html
185 200 --- /examples/basic-example.html
186 200 --- /examples/job-callbacks-example.html
187 200 --- /examples/docker-compose-example.html
188 200 --- /examples/job-in-job-example.html
189 200 --- /examples/namespaces-example.html
190 200 --- /examples/options-and-errors-example.html
191 200 --- /examples/slack-notifications-example.html
192 200 --- /examples/syslog-example.html
193 200 --- /examples/worker-config-example.html
194 200 --- /examples/solo-example.html
195 200 --- /examples/settings-example.html
196 200 --- /examples/data-store-example.html
197 200 --- /examples/custom-rack-mount-example.html
198 200 --- /examples/basic-auth-example.html
199 200 --- /print.html
200 200 --- https://github.com/dannyben/jobly
201 200 --- /
202 200 ---- /index.html
203 200 ---- /installation.html
204 200 ---- /usage/index.html
205 200 ---- /usage/quick-start/index.html
206 200 ---- /usage/server-side/index.html
207 200 ---- /usage/server-side/server.html
208 200 ---- /usage/server-side/worker.html
209 200 ---- /usage/client-side/index.html
210 200 ---- /usage/client-side/running-jobs-with-the-cli.html
211 200 ---- /usage/client-side/running-jobs-with-the-api.html
212 200 ---- /building-jobs/index.html
213 200 ---- /building-jobs/scaffolding.html
214 200 ---- /building-jobs/the-job-class.html
215 200 ---- /building-jobs/job-options.html
216 200 ---- /building-jobs/callbacks.html
217 200 ---- /building-jobs/solo-jobs.html
218 200 ---- /building-jobs/storing-arbitrary-data-with-redis.html
219 200 ---- /building-jobs/loading-settings-from-yaml.html
220 200 ---- /building-jobs/running-shell-commands.html
221 200 ---- /building-jobs/loading-additional-code.html
222 200 ---- /logging-notifications-status/index.html
223 200 ---- /logging-notifications-status/logging.html
224 200 ---- /logging-notifications-status/reporting-job-progress.html
225 200 ---- /logging-notifications-status/sending-slack-notifications.html
226 200 ---- /configuration/index.html
227 200 ---- /configuration/jobly-config.html
228 200 ---- /configuration/worker-config.html
229 200 ---- /examples/index.html
230 200 ---- /examples/basic-example.html
231 200 ---- /examples/job-callbacks-example.html
232 200 ---- /examples/docker-compose-example.html
233 200 ---- /examples/job-in-job-example.html
234 200 ---- /examples/namespaces-example.html
235 200 ---- /examples/options-and-errors-example.html
236 200 ---- /examples/slack-notifications-example.html
237 200 ---- /examples/syslog-example.html
238 200 ---- /examples/worker-config-example.html
239 200 ---- /examples/solo-example.html
240 200 ---- /examples/settings-example.html
241 200 ---- /examples/data-store-example.html
242 200 ---- /examples/custom-rack-mount-example.html
243 200 ---- /examples/basic-auth-example.html
244 200 ---- /print.html
245 200 ---- https://github.com/dannyben/jobly
246 200 ---- /
247 200 ---- /
248 200 ----- /index.html
249 200 ----- /installation.html
250 200 ----- /usage/index.html
251 200 ----- /usage/quick-start/index.html
252 200 ----- /usage/server-side/index.html
253 200 ----- /usage/server-side/server.html
254 200 ----- /usage/server-side/worker.html
255 200 ----- /usage/client-side/index.html
256 200 ----- /usage/client-side/running-jobs-with-the-cli.html
257 200 ----- /usage/client-side/running-jobs-with-the-api.html
258 200 ----- /building-jobs/index.html
259 200 ----- /building-jobs/scaffolding.html
260 200 ----- /building-jobs/the-job-class.html
261 200 ----- /building-jobs/job-options.html
262 200 ----- /building-jobs/callbacks.html
263 200 ----- /building-jobs/solo-jobs.html
264 200 ----- /building-jobs/storing-arbitrary-data-with-redis.html
265 200 ----- /building-jobs/loading-settings-from-yaml.html
266 200 ----- /building-jobs/running-shell-commands.html
267 200 ----- /building-jobs/loading-additional-code.html
268 200 ----- /logging-notifications-status/index.html
269 200 ----- /logging-notifications-status/logging.html
270 200 ----- /logging-notifications-status/reporting-job-progress.html
271 200 ----- /logging-notifications-status/sending-slack-notifications.html
272 200 ----- /configuration/index.html
273 200 ----- /configuration/jobly-config.html
274 200 ----- /configuration/worker-config.html
275 200 ----- /examples/index.html
276 200 ----- /examples/basic-example.html
277 200 ----- /examples/job-callbacks-example.html
278 200 ----- /examples/docker-compose-example.html
279 200 ----- /examples/job-in-job-example.html
280 200 ----- /examples/namespaces-example.html
281 200 ----- /examples/options-and-errors-example.html
282 200 ----- /examples/slack-notifications-example.html
283 200 ----- /examples/syslog-example.html
284 200 ----- /examples/worker-config-example.html
285 200 ----- /examples/solo-example.html
286 200 ----- /examples/settings-example.html
287 200 ----- /examples/data-store-example.html
288 200 ----- /examples/custom-rack-mount-example.html
289 200 ----- /examples/basic-auth-example.html
290 200 ----- /print.html
291 200 ----- https://github.com/dannyben/jobly
292 200 ----- /
293 200 ----- /
294 200 ----- /
295 200 ----- /
296 200 ----- /
297 200 ----- /
298 200 ----- https://www.katacoda.com/dannyb/scenarios/jobly
299 200 ----- /
300 200 ----- /installation.html
301 200 ----- /installation.html
302 200 ---- /
303 200 ---- /
304 200 ---- /
305 200 ---- /
306 200 ---- https://www.katacoda.com/dannyb/scenarios/jobly
307 200 ---- /
308 200 ---- /installation.html
309 200 ---- /installation.html
310 200 --- /index.html
311 200 ---- /index.html
312 200 ---- /installation.html
313 200 ---- /usage/index.html
314 200 ---- /usage/quick-start/index.html
315 200 ---- /usage/server-side/index.html
316 200 ---- /usage/server-side/server.html
317 200 ---- /usage/server-side/worker.html
318 200 ---- /usage/client-side/index.html
319 200 ---- /usage/client-side/running-jobs-with-the-cli.html
320 200 ---- /usage/client-side/running-jobs-with-the-api.html
321 200 ---- /building-jobs/index.html
322 200 ---- /building-jobs/scaffolding.html
323 200 ---- /building-jobs/the-job-class.html
324 200 ---- /building-jobs/job-options.html
325 200 ---- /building-jobs/callbacks.html
326 200 ---- /building-jobs/solo-jobs.html
327 200 ---- /building-jobs/storing-arbitrary-data-with-redis.html
328 200 ---- /building-jobs/loading-settings-from-yaml.html
329 200 ---- /building-jobs/running-shell-commands.html
330 200 ---- /building-jobs/loading-additional-code.html
331 200 ---- /logging-notifications-status/index.html
332 200 ---- /logging-notifications-status/logging.html
333 200 ---- /logging-notifications-status/reporting-job-progress.html
334 200 ---- /logging-notifications-status/sending-slack-notifications.html
335 200 ---- /configuration/index.html
336 200 ---- /configuration/jobly-config.html
337 200 ---- /configuration/worker-config.html
338 200 ---- /examples/index.html
339 200 ---- /examples/basic-example.html
340 200 ---- /examples/job-callbacks-example.html
341 200 ---- /examples/docker-compose-example.html
342 200 ---- /examples/job-in-job-example.html
343 200 ---- /examples/namespaces-example.html
344 200 ---- /examples/options-and-errors-example.html
345 200 ---- /examples/slack-notifications-example.html
346 200 ---- /examples/syslog-example.html
347 200 ---- /examples/worker-config-example.html
348 200 ---- /examples/solo-example.html
349 200 ---- /examples/settings-example.html
350 200 ---- /examples/data-store-example.html
351 200 ---- /examples/custom-rack-mount-example.html
352 200 ---- /examples/basic-auth-example.html
353 200 ---- /print.html
354 200 ---- https://github.com/dannyben/jobly
355 200 ---- /
356 200 ---- /index.html
357 200 ---- /index.html
358 200 ----- /index.html
359 200 ----- /installation.html
360 200 ----- /usage/index.html
361 200 ----- /usage/quick-start/index.html
362 200 ----- /usage/server-side/index.html
363 200 ----- /usage/server-side/server.html
364 200 ----- /usage/server-side/worker.html
365 200 ----- /usage/client-side/index.html
366 200 ----- /usage/client-side/running-jobs-with-the-cli.html
367 200 ----- /usage/client-side/running-jobs-with-the-api.html
368 200 ----- /building-jobs/index.html
369 200 ----- /building-jobs/scaffolding.html
370 200 ----- /building-jobs/the-job-class.html
371 200 ----- /building-jobs/job-options.html
372 200 ----- /building-jobs/callbacks.html
373 200 ----- /building-jobs/solo-jobs.html
374 200 ----- /building-jobs/storing-arbitrary-data-with-redis.html
375 200 ----- /building-jobs/loading-settings-from-yaml.html
376 200 ----- /building-jobs/running-shell-commands.html
377 200 ----- /building-jobs/loading-additional-code.html
378 200 ----- /logging-notifications-status/index.html
379 200 ----- /logging-notifications-status/logging.html
380 200 ----- /logging-notifications-status/reporting-job-progress.html
381 200 ----- /logging-notifications-status/sending-slack-notifications.html
382 200 ----- /configuration/index.html
383 200 ----- /configuration/jobly-config.html
384 200 ----- /configuration/worker-config.html
385 200 ----- /examples/index.html
386 200 ----- /examples/basic-example.html
387 200 ----- /examples/job-callbacks-example.html
388 200 ----- /examples/docker-compose-example.html
389 200 ----- /examples/job-in-job-example.html
390 200 ----- /examples/namespaces-example.html
391 200 ----- /examples/options-and-errors-example.html
392 200 ----- /examples/slack-notifications-example.html
393 200 ----- /examples/syslog-example.html
394 200 ----- /examples/worker-config-example.html
395 200 ----- /examples/solo-example.html
396 200 ----- /examples/settings-example.html
397 200 ----- /examples/data-store-example.html
398 200 ----- /examples/custom-rack-mount-example.html
399 200 ----- /examples/basic-auth-example.html
400 200 ----- /print.html
401 200 ----- https://github.com/dannyben/jobly
402 200 ----- /
403 200 ----- /index.html
404 200 ----- /index.html
405 200 ----- /index.html
406 200 ----- /index.html
407 200 ----- /index.html
408 200 ----- https://www.katacoda.com/dannyb/scenarios/jobly
409 200 ----- /index.html
410 200 ----- /installation.html
411 200 ----- /installation.html
412 200 ---- /index.html
413 200 ---- /index.html
414 200 ---- /index.html
415 200 ---- https://www.katacoda.com/dannyb/scenarios/jobly
416 200 ---- /index.html
417 200 ---- /installation.html
418 200 ---- /installation.html
419 200 --- /index.html
420 200 --- /index.html
421 200 --- /index.html
422 200 --- /index.html
423 200 --- https://www.katacoda.com/dannyb/scenarios/jobly
424 200 --- /index.html
425 200 --- /installation.html
426 200 --- /installation.html
427 200 -- /installation.html
428 200 -- /usage/index.html
429 200 -- /usage/quick-start/index.html
430 200 -- /usage/server-side/index.html
431 200 -- /usage/server-side/server.html
432 200 -- /usage/server-side/worker.html
433 200 -- /usage/client-side/index.html
434 200 -- /usage/client-side/running-jobs-with-the-cli.html
435 200 -- /usage/client-side/running-jobs-with-the-api.html
436 200 -- /building-jobs/index.html
437 200 -- /building-jobs/scaffolding.html
438 200 -- /building-jobs/the-job-class.html
439 200 -- /building-jobs/job-options.html
440 200 -- /building-jobs/callbacks.html
441 200 -- /building-jobs/solo-jobs.html
442 200 -- /building-jobs/storing-arbitrary-data-with-redis.html
443 200 -- /building-jobs/loading-settings-from-yaml.html
444 200 -- /building-jobs/running-shell-commands.html
445 200 -- /building-jobs/loading-additional-code.html
446 200 -- /logging-notifications-status/index.html
447 200 -- /logging-notifications-status/logging.html
448 200 -- /logging-notifications-status/reporting-job-progress.html
449 200 -- /logging-notifications-status/sending-slack-notifications.html
450 200 -- /configuration/index.html
451 200 -- /configuration/jobly-config.html
452 200 -- /configuration/worker-config.html
453 200 -- /examples/index.html
454 200 -- /examples/basic-example.html
455 200 -- /examples/job-callbacks-example.html
456 200 -- /examples/docker-compose-example.html
457 200 -- /examples/job-in-job-example.html
458 200 -- /examples/namespaces-example.html
459 200 -- /examples/options-and-errors-example.html
460 200 -- /examples/slack-notifications-example.html
461 200 -- /examples/syslog-example.html
462 200 -- /examples/worker-config-example.html
463 200 -- /examples/solo-example.html
464 200 -- /examples/settings-example.html
465 200 -- /examples/data-store-example.html
466 200 -- /examples/custom-rack-mount-example.html
467 200 -- /examples/basic-auth-example.html
468 200 -- /print.html
469 200 -- https://github.com/dannyben/jobly
470 200 -- /
471 200 -- /
472 200 --- /index.html
473 200 --- /installation.html
474 200 --- /usage/index.html
475 200 --- /usage/quick-start/index.html
476 200 --- /usage/server-side/index.html
477 200 --- /usage/server-side/server.html
478 200 --- /usage/server-side/worker.html
479 200 --- /usage/client-side/index.html
480 200 --- /usage/client-side/running-jobs-with-the-cli.html
481 200 --- /usage/client-side/running-jobs-with-the-api.html
482 200 --- /building-jobs/index.html
483 200 --- /building-jobs/scaffolding.html
484 200 --- /building-jobs/the-job-class.html
485 200 --- /building-jobs/job-options.html
486 200 --- /building-jobs/callbacks.html
487 200 --- /building-jobs/solo-jobs.html
488 200 --- /building-jobs/storing-arbitrary-data-with-redis.html
489 200 --- /building-jobs/loading-settings-from-yaml.html
490 200 --- /building-jobs/running-shell-commands.html
491 200 --- /building-jobs/loading-additional-code.html
492 200 --- /logging-notifications-status/index.html
493 200 --- /logging-notifications-status/logging.html
494 200 --- /logging-notifications-status/reporting-job-progress.html
495 200 --- /logging-notifications-status/sending-slack-notifications.html
496 200 --- /configuration/index.html
497 200 --- /configuration/jobly-config.html
498 200 --- /configuration/worker-config.html
499 200 --- /examples/index.html
500 200 --- /examples/basic-example.html
501 200 --- /examples/job-callbacks-example.html
502 200 --- /examples/docker-compose-example.html
503 200 --- /examples/job-in-job-example.html
504 200 --- /examples/namespaces-example.html
505 200 --- /examples/options-and-errors-example.html
506 200 --- /examples/slack-notifications-example.html
507 200 --- /examples/syslog-example.html
508 200 --- /examples/worker-config-example.html
509 200 --- /examples/solo-example.html
510 200 --- /examples/settings-example.html
511 200 --- /examples/data-store-example.html
512 200 --- /examples/custom-rack-mount-example.html
513 200 --- /examples/basic-auth-example.html
514 200 --- /print.html
515 200 --- https://github.com/dannyben/jobly
516 200 --- /
517 200 --- /
518 200 --- /
519 200 ---- /index.html
520 200 ---- /installation.html
521 200 ---- /usage/index.html
522 200 ---- /usage/quick-start/index.html
523 200 ---- /usage/server-side/index.html
524 200 ---- /usage/server-side/server.html
525 200 ---- /usage/server-side/worker.html
526 200 ---- /usage/client-side/index.html
527 200 ---- /usage/client-side/running-jobs-with-the-cli.html
528 200 ---- /usage/client-side/running-jobs-with-the-api.html
529 200 ---- /building-jobs/index.html
530 200 ---- /building-jobs/scaffolding.html
531 200 ---- /building-jobs/the-job-class.html
532 200 ---- /building-jobs/job-options.html
533 200 ---- /building-jobs/callbacks.html
534 200 ---- /building-jobs/solo-jobs.html
535 200 ---- /building-jobs/storing-arbitrary-data-with-redis.html
536 200 ---- /building-jobs/loading-settings-from-yaml.html
537 200 ---- /building-jobs/running-shell-commands.html
538 200 ---- /building-jobs/loading-additional-code.html
539 200 ---- /logging-notifications-status/index.html
540 200 ---- /logging-notifications-status/logging.html
541 200 ---- /logging-notifications-status/reporting-job-progress.html
542 200 ---- /logging-notifications-status/sending-slack-notifications.html
543 200 ---- /configuration/index.html
544 200 ---- /configuration/jobly-config.html
545 200 ---- /configuration/worker-config.html
546 200 ---- /examples/index.html
547 200 ---- /examples/basic-example.html
548 200 ---- /examples/job-callbacks-example.html
549 200 ---- /examples/docker-compose-example.html
550 200 ---- /examples/job-in-job-example.html
551 200 ---- /examples/namespaces-example.html
552 200 ---- /examples/options-and-errors-example.html
553 200 ---- /examples/slack-notifications-example.html
554 200 ---- /examples/syslog-example.html
555 200 ---- /examples/worker-config-example.html
556 200 ---- /examples/solo-example.html
557 200 ---- /examples/settings-example.html
558 200 ---- /examples/data-store-example.html
559 200 ---- /examples/custom-rack-mount-example.html
560 200 ---- /examples/basic-auth-example.html
561 200 ---- /print.html
562 200 ---- https://github.com/dannyben/jobly
563 200 ---- /
564 200 ---- /
565 200 ---- /
566 200 ---- /
567 200 ----- /index.html
568 200 ----- /installation.html
569 200 ----- /usage/index.html
570 200 ----- /usage/quick-start/index.html
571 200 ----- /usage/server-side/index.html
572 200 ----- /usage/server-side/server.html
573 200 ----- /usage/server-side/worker.html
574 200 ----- /usage/client-side/index.html
575 200 ----- /usage/client-side/running-jobs-with-the-cli.html
576 200 ----- /usage/client-side/running-jobs-with-the-api.html
577 200 ----- /building-jobs/index.html
578 200 ----- /building-jobs/scaffolding.html
579 200 ----- /building-jobs/the-job-class.html
580 200 ----- /building-jobs/job-options.html
581 200 ----- /building-jobs/callbacks.html
582 200 ----- /building-jobs/solo-jobs.html
583 200 ----- /building-jobs/storing-arbitrary-data-with-redis.html
584 200 ----- /building-jobs/loading-settings-from-yaml.html
585 200 ----- /building-jobs/running-shell-commands.html
586 200 ----- /building-jobs/loading-additional-code.html
587 200 ----- /logging-notifications-status/index.html
588 200 ----- /logging-notifications-status/logging.html
589 200 ----- /logging-notifications-status/reporting-job-progress.html
590 200 ----- /logging-notifications-status/sending-slack-notifications.html
591 200 ----- /configuration/index.html
592 200 ----- /configuration/jobly-config.html
593 200 ----- /configuration/worker-config.html
594 200 ----- /examples/index.html
595 200 ----- /examples/basic-example.html
596 200 ----- /examples/job-callbacks-example.html
597 200 ----- /examples/docker-compose-example.html
598 200 ----- /examples/job-in-job-example.html
599 200 ----- /examples/namespaces-example.html
600 200 ----- /examples/options-and-errors-example.html
601 200 ----- /examples/slack-notifications-example.html
602 200 ----- /examples/syslog-example.html
603 200 ----- /examples/worker-config-example.html
604 200 ----- /examples/solo-example.html
605 200 ----- /examples/settings-example.html
606 200 ----- /examples/data-store-example.html
607 200 ----- /examples/custom-rack-mount-example.html
608 200 ----- /examples/basic-auth-example.html
609 200 ----- /print.html
610 200 ----- https://github.com/dannyben/jobly
611 200 ----- /
612 200 ----- /
613 200 ----- /
614 200 ----- /
615 200 ----- /
616 200 ----- /
617 200 ----- https://www.katacoda.com/dannyb/scenarios/jobly
618 200 ----- /
619 200 ----- /installation.html
620 200 ----- /installation.html
621 200 ---- /
622 200 ---- /
623 200 ---- https://www.katacoda.com/dannyb/scenarios/jobly
624 200 ---- /
625 200 ---- /installation.html
626 200 ---- /installation.html
627 200 --- /
628 200 --- /
629 200 --- /
630 200 --- https://www.katacoda.com/dannyb/scenarios/jobly
631 200 --- /
632 200 --- /installation.html
633 200 --- /installation.html
634 200 -- /
635 200 -- /
636 200 -- /
637 200 -- /
638 200 -- https://www.katacoda.com/dannyb/scenarios/jobly
639 200 -- /
640 200 -- /installation.html
641 200 -- /installation.html
Done with 0 failures